<?xml version="1.0" encoding="UTF-8"?>
<!-- Generated by org.testng.reporters.JUnitReportReporter -->
<testsuite hostname="Hp360" name="runner_cukes.RunCukesTest" tests="1" failures="0" timestamp="24 Sep 2018 16:14:42 GMT" time="80.283" errors="0">
  <testcase name="run_cukes" time="80.283" classname="runner_cukes.RunCukesTest"/>
</testsuite> <!-- runner_cukes.RunCukesTest -->
