<?xml version="1.0" encoding="UTF-8"?>
<!-- Generated by org.testng.reporters.JUnitReportReporter -->
<testsuite hostname="Dreammoon" failures="0" tests="1" name="runner_cukes.RunCukesTest" time="188.958" errors="0" timestamp="11 Oct 2018 04:18:56 GMT">
  <testcase classname="runner_cukes.RunCukesTest" name="run_cukes" time="188.958"/>
</testsuite> <!-- runner_cukes.RunCukesTest -->
